SELECT code, value FROM `ss`.`ecs_shop_config` WHERE parent_id > 0

INSERT INTO `ss`.`ecs_sessions` (sesskey, expiry, ip, data) VALUES ('6dbcdbe4f947c9ab26c677953e22f3c2', '1512792744', '0.0.0.0', 'a:0:{}')

INSERT INTO `ss`.`ecs_stats` ( ip_address, visit_times, browser, system, language, area, referer_domain, referer_path, access_url, access_time) VALUES ('0.0.0.0', '20', 'Safari 537.36', 'Unknown', 'zh-CN,zh', 'IANA', '', '', '/index.php', '1512792744')

SELECT c.cat_id, c.cat_name, c.measure_unit, c.parent_id, c.is_show, c.show_in_nav, c.grade, c.sort_order, COUNT(s.cat_id) AS has_children FROM `ss`.`ecs_category` AS c LEFT JOIN `ss`.`ecs_category` AS s ON s.parent_id=c.cat_id GROUP BY c.cat_id ORDER BY c.parent_id, c.sort_order ASC

SELECT cat_id, COUNT(*) AS goods_num  FROM `ss`.`ecs_goods` WHERE is_delete = 0 AND is_on_sale = 1  GROUP BY cat_id

SELECT gc.cat_id, COUNT(*) AS goods_num  FROM `ss`.`ecs_goods_cat` AS gc , `ss`.`ecs_goods` AS g  WHERE g.goods_id = gc.goods_id AND g.is_delete = 0 AND g.is_on_sale = 1  GROUP BY gc.cat_id

SELECT * FROM `ss`.`ecs_nav`
            WHERE ifshow = '1' ORDER BY type, vieworder

SELECT count(*) FROM `ss`.`ecs_category` WHERE parent_id = '0' AND is_show = 1 

SELECT cat_id,cat_name ,parent_id,is_show FROM `ss`.`ecs_category`WHERE parent_id = '0' AND is_show = 1 ORDER BY sort_order ASC, cat_id ASC

SELECT count(*) FROM `ss`.`ecs_category` WHERE parent_id = '26' AND is_show = 1 

SELECT cat_id, cat_name, parent_id, is_show FROM `ss`.`ecs_category`WHERE parent_id = '26' AND is_show = 1 ORDER BY sort_order ASC, cat_id ASC

SELECT count(*) FROM `ss`.`ecs_category` WHERE parent_id = '27' AND is_show = 1 

SELECT cat_id, cat_name, parent_id, is_show FROM `ss`.`ecs_category`WHERE parent_id = '27' AND is_show = 1 ORDER BY sort_order ASC, cat_id ASC

SELECT count(*) FROM `ss`.`ecs_category` WHERE parent_id = '28' AND is_show = 1 

SELECT count(*) FROM `ss`.`ecs_category` WHERE parent_id = '18' AND is_show = 1 

SELECT count(*) FROM `ss`.`ecs_category` WHERE parent_id = '1' AND is_show = 1 

SELECT cat_id, cat_name, parent_id, is_show FROM `ss`.`ecs_category`WHERE parent_id = '1' AND is_show = 1 ORDER BY sort_order ASC, cat_id ASC

SELECT count(*) FROM `ss`.`ecs_category` WHERE parent_id = '3' AND is_show = 1 

SELECT count(*) FROM `ss`.`ecs_category` WHERE parent_id = '4' AND is_show = 1 

SELECT count(*) FROM `ss`.`ecs_category` WHERE parent_id = '6' AND is_show = 1 

SELECT cat_id, cat_name, parent_id, is_show FROM `ss`.`ecs_category`WHERE parent_id = '6' AND is_show = 1 ORDER BY sort_order ASC, cat_id ASC

SELECT count(*) FROM `ss`.`ecs_category` WHERE parent_id = '8' AND is_show = 1 

SELECT count(*) FROM `ss`.`ecs_category` WHERE parent_id = '9' AND is_show = 1 

SELECT count(*) FROM `ss`.`ecs_category` WHERE parent_id = '12' AND is_show = 1 

SELECT count(*) FROM `ss`.`ecs_category` WHERE parent_id = '16' AND is_show = 1 

SELECT c.cat_id, c.cat_name, c.sort_order, a.article_id, a.title, a.file_url, a.open_type FROM `ss`.`ecs_article` AS a LEFT JOIN `ss`.`ecs_article_cat` AS c ON a.cat_id = c.cat_id WHERE c.cat_type = 5 AND a.is_open = 1 ORDER BY c.sort_order ASC, a.article_id

SELECT goods_id FROM `ss`.`ecs_goods_cat` AS g WHERE g.cat_id  IN ('26','27','28','18','1','3','4','16','6','9','8','12') 

SELECT g.goods_id, g.goods_name, g.shop_price, g.goods_thumb, SUM(og.goods_number) as goods_number FROM `ss`.`ecs_goods` AS g, `ss`.`ecs_order_info` AS o, `ss`.`ecs_order_goods` AS og WHERE g.is_on_sale = 1 AND g.is_alone_sale = 1 AND g.is_delete = 0 AND (g.cat_id  IN ('26','27','28','18','1','3','4','16','6','9','8','12')  OR g.goods_id IN ('') )    AND g.goods_number > 0  AND og.order_id = o.order_id AND og.goods_id = g.goods_id AND (o.order_status = '1' OR o.order_status = '5') AND (o.pay_status = '2' OR o.pay_status = '1') AND (o.shipping_status = '1' OR o.shipping_status = '2') GROUP BY g.goods_id ORDER BY goods_number DESC, g.goods_id DESC LIMIT 10

SELECT g.goods_id, g.is_best, g.is_new, g.is_hot, g.is_promote, b.brand_name,g.sort_order  FROM `ss`.`ecs_goods` AS g  LEFT JOIN `ss`.`ecs_brand` AS b ON b.brand_id = g.brand_id  WHERE g.is_on_sale = 1 AND g.is_alone_sale = 1 AND g.is_delete = 0 AND (g.is_best = 1 OR g.is_new =1 OR g.is_hot = 1) ORDER BY g.sort_order, g.last_update DESC

SELECT library, number FROM `ss`.`ecs_template` WHERE theme = 'default' AND filename = 'index' AND remarks='' 

SELECT g.goods_id, g.goods_name, g.goods_name_style, g.market_price, g.shop_price AS org_price, g.promote_price, IFNULL(mp.user_price, g.shop_price * '1') AS shop_price, promote_start_date, promote_end_date, g.goods_brief, g.goods_thumb, g.goods_img, RAND() AS rnd FROM `ss`.`ecs_goods` AS g LEFT JOIN `ss`.`ecs_member_price` AS mp ON mp.goods_id = g.goods_id AND mp.user_rank = '0'  WHERE g.goods_id  IN ('1','8','9','32','69','68','70','64','63')  ORDER BY g.sort_order, g.last_update DESC

SELECT sum(goods_number) FROM `ss`.`ecs_order_goods` AS g ,`ss`.`ecs_order_info` AS o WHERE o.order_id = g.order_id and g.goods_id = 69 and o.order_status = 5

SELECT virtual_sales FROM `ss`.`ecs_goods` WHERE goods_id = '69'

SELECT sum(goods_number) FROM `ss`.`ecs_order_goods` AS g ,`ss`.`ecs_order_info` AS o WHERE o.order_id = g.order_id and g.goods_id = 68 and o.order_status = 5

SELECT virtual_sales FROM `ss`.`ecs_goods` WHERE goods_id = '68'

SELECT sum(goods_number) FROM `ss`.`ecs_order_goods` AS g ,`ss`.`ecs_order_info` AS o WHERE o.order_id = g.order_id and g.goods_id = 70 and o.order_status = 5

SELECT virtual_sales FROM `ss`.`ecs_goods` WHERE goods_id = '70'

SELECT sum(goods_number) FROM `ss`.`ecs_order_goods` AS g ,`ss`.`ecs_order_info` AS o WHERE o.order_id = g.order_id and g.goods_id = 64 and o.order_status = 5

SELECT virtual_sales FROM `ss`.`ecs_goods` WHERE goods_id = '64'

SELECT sum(goods_number) FROM `ss`.`ecs_order_goods` AS g ,`ss`.`ecs_order_info` AS o WHERE o.order_id = g.order_id and g.goods_id = 63 and o.order_status = 5

SELECT virtual_sales FROM `ss`.`ecs_goods` WHERE goods_id = '63'

SELECT sum(goods_number) FROM `ss`.`ecs_order_goods` AS g ,`ss`.`ecs_order_info` AS o WHERE o.order_id = g.order_id and g.goods_id = 1 and o.order_status = 5

SELECT virtual_sales FROM `ss`.`ecs_goods` WHERE goods_id = '1'

SELECT sum(goods_number) FROM `ss`.`ecs_order_goods` AS g ,`ss`.`ecs_order_info` AS o WHERE o.order_id = g.order_id and g.goods_id = 8 and o.order_status = 5

SELECT virtual_sales FROM `ss`.`ecs_goods` WHERE goods_id = '8'

SELECT sum(goods_number) FROM `ss`.`ecs_order_goods` AS g ,`ss`.`ecs_order_info` AS o WHERE o.order_id = g.order_id and g.goods_id = 9 and o.order_status = 5

SELECT virtual_sales FROM `ss`.`ecs_goods` WHERE goods_id = '9'

SELECT sum(goods_number) FROM `ss`.`ecs_order_goods` AS g ,`ss`.`ecs_order_info` AS o WHERE o.order_id = g.order_id and g.goods_id = 32 and o.order_status = 5

SELECT virtual_sales FROM `ss`.`ecs_goods` WHERE goods_id = '32'

SELECT g.goods_id, g.goods_name, g.goods_name_style, g.market_price, g.shop_price AS org_price, g.promote_price, IFNULL(mp.user_price, g.shop_price * '1') AS shop_price, promote_start_date, promote_end_date, g.goods_brief, g.goods_thumb, goods_img, b.brand_name, g.is_best, g.is_new, g.is_hot, g.is_promote, RAND() AS rnd FROM `ss`.`ecs_goods` AS g LEFT JOIN `ss`.`ecs_brand` AS b ON b.brand_id = g.brand_id LEFT JOIN `ss`.`ecs_member_price` AS mp ON mp.goods_id = g.goods_id AND mp.user_rank = '0' WHERE g.is_on_sale = 1 AND g.is_alone_sale = 1 AND g.is_delete = 0  AND g.is_promote = 1 AND promote_start_date <= '1512792744' AND promote_end_date >= '1512792744'  ORDER BY g.sort_order, g.last_update DESC LIMIT 4 

SELECT b.brand_id, b.brand_name, b.brand_logo, b.brand_desc, COUNT(*) AS goods_num, IF(b.brand_logo > '', '1', '0') AS tag FROM `ss`.`ecs_brand`AS b, `ss`.`ecs_goods` AS g WHERE g.brand_id = b.brand_id  AND is_show = 1  AND g.is_on_sale = 1 AND g.is_alone_sale = 1 AND g.is_delete = 0 GROUP BY b.brand_id HAVING goods_num > 0 ORDER BY tag DESC, b.sort_order ASC LIMIT 3 

SELECT act_id, act_name, act_type, start_time, end_time FROM `ss`.`ecs_goods_activity` WHERE is_finished=0 AND start_time <= '1512792744' AND end_time >= '1512792744'

SELECT act_id, act_range, act_range_ext, act_name, start_time, end_time FROM `ss`.`ecs_favourable_activity` WHERE start_time <= '1512792744' AND end_time >= '1512792744'

SELECT o.order_sn, o.invoice_no, s.shipping_code FROM `ss`.`ecs_order_info` AS o LEFT JOIN `ss`.`ecs_shipping` AS s ON s.shipping_id = o.shipping_id WHERE invoice_no > '' AND shipping_status = 1 ORDER BY shipping_time DESC LIMIT 10

SELECT a.article_id, a.title, ac.cat_name, a.add_time, a.file_url, a.open_type, ac.cat_id, ac.cat_name  FROM `ss`.`ecs_article` AS a, `ss`.`ecs_article_cat` AS ac WHERE a.is_open = 1 AND a.cat_id = ac.cat_id AND ac.cat_type = 1 ORDER BY a.article_type DESC, a.add_time DESC LIMIT 8

SELECT gb.act_id AS group_buy_id, gb.goods_id, gb.ext_info, gb.goods_name, g.goods_thumb, g.goods_img FROM `ss`.`ecs_goods_activity` AS gb, `ss`.`ecs_goods` AS g WHERE gb.act_type = '1' AND g.goods_id = gb.goods_id AND gb.start_time <= '1512792744' AND gb.end_time >= '1512792744' AND g.is_delete = 0 ORDER BY gb.act_id DESC LIMIT 3

SELECT a.act_id, a.goods_id, a.goods_name, a.ext_info, g.goods_thumb FROM `ss`.`ecs_goods_activity` AS a,`ss`.`ecs_goods` AS g WHERE a.goods_id = g.goods_id AND a.act_type = '2' AND a.is_finished = 0 AND a.start_time <= '1512792744' AND a.end_time >= '1512792744' AND g.is_delete = 0 ORDER BY a.start_time DESC LIMIT 3

SELECT link_logo, link_name, link_url FROM `ss`.`ecs_friend_link` ORDER BY show_order

SELECT c.cat_id, c.cat_name, cr.recommend_type FROM `ss`.`ecs_cat_recommend` AS cr INNER JOIN `ss`.`ecs_category` AS c ON cr.cat_id=c.cat_id

SELECT id, number, type FROM `ss`.`ecs_template` WHERE filename = 'index' AND type > 0 AND remarks ='' AND theme='default'

SELECT goods_id FROM `ss`.`ecs_goods_cat` AS g WHERE g.cat_id  IN ('24') 

SELECT g.goods_id, g.goods_name, g.market_price, g.shop_price AS org_price, IFNULL(mp.user_price, g.shop_price * '1') AS shop_price, g.promote_price, promote_start_date, promote_end_date, g.goods_brief, g.goods_thumb, g.goods_img FROM `ss`.`ecs_goods` AS g LEFT JOIN `ss`.`ecs_member_price` AS mp ON mp.goods_id = g.goods_id AND mp.user_rank = '0' WHERE g.is_on_sale = 1 AND g.is_alone_sale = 1 AND g.is_delete = 0 AND (g.cat_id  IN ('24') OR g.goods_id IN ('') ) ORDER BY g.sort_order, g.goods_id DESC LIMIT 8

SELECT cat_name FROM `ss`.`ecs_category` WHERE cat_id = '24'

SELECT goods_id FROM `ss`.`ecs_goods_cat` AS g WHERE g.cat_id  IN ('24') 

SELECT g.goods_id, g.goods_name, g.market_price, g.shop_price AS org_price, IFNULL(mp.user_price, g.shop_price * '1') AS shop_price, g.promote_price, promote_start_date, promote_end_date, g.goods_brief, g.goods_thumb, g.goods_img FROM `ss`.`ecs_goods` AS g LEFT JOIN `ss`.`ecs_member_price` AS mp ON mp.goods_id = g.goods_id AND mp.user_rank = '0' WHERE g.is_on_sale = 1 AND g.is_alone_sale = 1 AND g.is_delete = 0 AND (g.cat_id  IN ('24') OR g.goods_id IN ('') ) ORDER BY g.sort_order, g.goods_id DESC LIMIT 8

SELECT cat_name FROM `ss`.`ecs_category` WHERE cat_id = '24'

SELECT goods_id FROM `ss`.`ecs_goods_cat` AS g WHERE g.cat_id  IN ('24') 

SELECT g.goods_id, g.goods_name, g.market_price, g.shop_price AS org_price, IFNULL(mp.user_price, g.shop_price * '1') AS shop_price, g.promote_price, promote_start_date, promote_end_date, g.goods_brief, g.goods_thumb, g.goods_img FROM `ss`.`ecs_goods` AS g LEFT JOIN `ss`.`ecs_member_price` AS mp ON mp.goods_id = g.goods_id AND mp.user_rank = '0' WHERE g.is_on_sale = 1 AND g.is_alone_sale = 1 AND g.is_delete = 0 AND (g.cat_id  IN ('24') OR g.goods_id IN ('') ) ORDER BY g.sort_order, g.goods_id DESC LIMIT 8

SELECT cat_name FROM `ss`.`ecs_category` WHERE cat_id = '24'

SELECT region, library, sort_order, id, number, type FROM `ss`.`ecs_template` WHERE theme = 'default' AND filename = 'index' AND type > 0 AND remarks='' ORDER BY region, library, sort_order

SELECT SUM(goods_number) AS number, SUM(goods_price * goods_number) AS amount FROM `ss`.`ecs_cart` WHERE session_id = '6dbcdbe4f947c9ab26c677953e22f3c2' AND rec_type = '0'

SELECT a.ad_id, a.position_id, a.media_type, a.ad_link, a.ad_code, a.ad_name, p.ad_width, p.ad_height, p.position_style, RAND() AS rnd FROM `ss`.`ecs_ad` AS a LEFT JOIN `ss`.`ecs_ad_position` AS p ON a.position_id = p.position_id WHERE enabled = 1 AND a.position_id = '1' AND start_time <= '1512792744' AND end_time >= '1512792744' ORDER BY rnd LIMIT 1

SELECT a.ad_id, a.position_id, a.media_type, a.ad_link, a.ad_code, a.ad_name, p.ad_width, p.ad_height, p.position_style, RAND() AS rnd FROM `ss`.`ecs_ad` AS a LEFT JOIN `ss`.`ecs_ad_position` AS p ON a.position_id = p.position_id WHERE enabled = 1 AND a.position_id = '2' AND start_time <= '1512792744' AND end_time >= '1512792744' ORDER BY rnd LIMIT 1

SELECT a.ad_id, a.position_id, a.media_type, a.ad_link, a.ad_code, a.ad_name, p.ad_width, p.ad_height, p.position_style, RAND() AS rnd FROM `ss`.`ecs_ad` AS a LEFT JOIN `ss`.`ecs_ad_position` AS p ON a.position_id = p.position_id WHERE enabled = 1 AND a.position_id = '3' AND start_time <= '1512792744' AND end_time >= '1512792744' ORDER BY rnd LIMIT 1

SELECT a.ad_id, a.position_id, a.media_type, a.ad_link, a.ad_code, a.ad_name, p.ad_width, p.ad_height, p.position_style, RAND() AS rnd FROM `ss`.`ecs_ad` AS a LEFT JOIN `ss`.`ecs_ad_position` AS p ON a.position_id = p.position_id WHERE enabled = 1 AND a.position_id = '4' AND start_time <= '1512792744' AND end_time >= '1512792744' ORDER BY rnd LIMIT 1

SELECT a.ad_id, a.position_id, a.media_type, a.ad_link, a.ad_code, a.ad_name, p.ad_width, p.ad_height, p.position_style, RAND() AS rnd FROM `ss`.`ecs_ad` AS a LEFT JOIN `ss`.`ecs_ad_position` AS p ON a.position_id = p.position_id WHERE enabled = 1 AND a.position_id = '5' AND start_time <= '1512792744' AND end_time >= '1512792744' ORDER BY rnd LIMIT 1

SELECT a.ad_id, a.position_id, a.media_type, a.ad_link, a.ad_code, a.ad_name, p.ad_width, p.ad_height, p.position_style, RAND() AS rnd FROM `ss`.`ecs_ad` AS a LEFT JOIN `ss`.`ecs_ad_position` AS p ON a.position_id = p.position_id WHERE enabled = 1 AND a.position_id = '6' AND start_time <= '1512792744' AND end_time >= '1512792744' ORDER BY rnd LIMIT 1

SELECT a.ad_id, a.position_id, a.media_type, a.ad_link, a.ad_code, a.ad_name, p.ad_width, p.ad_height, p.position_style, RAND() AS rnd FROM `ss`.`ecs_ad` AS a LEFT JOIN `ss`.`ecs_ad_position` AS p ON a.position_id = p.position_id WHERE enabled = 1 AND a.position_id = '7' AND start_time <= '1512792744' AND end_time >= '1512792744' ORDER BY rnd LIMIT 1

SELECT a.ad_id, a.position_id, a.media_type, a.ad_link, a.ad_code, a.ad_name, p.ad_width, p.ad_height, p.position_style, RAND() AS rnd FROM `ss`.`ecs_ad` AS a LEFT JOIN `ss`.`ecs_ad_position` AS p ON a.position_id = p.position_id WHERE enabled = 1 AND a.position_id = '8' AND start_time <= '1512792744' AND end_time >= '1512792744' ORDER BY rnd LIMIT 1

SELECT a.ad_id, a.position_id, a.media_type, a.ad_link, a.ad_code, a.ad_name, p.ad_width, p.ad_height, p.position_style, RAND() AS rnd FROM `ss`.`ecs_ad` AS a LEFT JOIN `ss`.`ecs_ad_position` AS p ON a.position_id = p.position_id WHERE enabled = 1 AND a.position_id = '9' AND start_time <= '1512792744' AND end_time >= '1512792744' ORDER BY rnd LIMIT 1

SELECT a.ad_id, a.position_id, a.media_type, a.ad_link, a.ad_code, a.ad_name, p.ad_width, p.ad_height, p.position_style, RAND() AS rnd FROM `ss`.`ecs_ad` AS a LEFT JOIN `ss`.`ecs_ad_position` AS p ON a.position_id = p.position_id WHERE enabled = 1 AND a.position_id = '10' AND start_time <= '1512792744' AND end_time >= '1512792744' ORDER BY rnd LIMIT 1

SELECT a.ad_id, a.position_id, a.media_type, a.ad_link, a.ad_code, a.ad_name, p.ad_width, p.ad_height, p.position_style, RAND() AS rnd FROM `ss`.`ecs_ad` AS a LEFT JOIN `ss`.`ecs_ad_position` AS p ON a.position_id = p.position_id WHERE enabled = 1 AND a.position_id = '11' AND start_time <= '1512792744' AND end_time >= '1512792744' ORDER BY rnd LIMIT 1

SELECT a.ad_id, a.position_id, a.media_type, a.ad_link, a.ad_code, a.ad_name, p.ad_width, p.ad_height, p.position_style, RAND() AS rnd FROM `ss`.`ecs_ad` AS a LEFT JOIN `ss`.`ecs_ad_position` AS p ON a.position_id = p.position_id WHERE enabled = 1 AND a.position_id = '12' AND start_time <= '1512792744' AND end_time >= '1512792744' ORDER BY rnd LIMIT 1

SELECT a.ad_id, a.position_id, a.media_type, a.ad_link, a.ad_code, a.ad_name, p.ad_width, p.ad_height, p.position_style, RAND() AS rnd FROM `ss`.`ecs_ad` AS a LEFT JOIN `ss`.`ecs_ad_position` AS p ON a.position_id = p.position_id WHERE enabled = 1 AND a.position_id = '13' AND start_time <= '1512792744' AND end_time >= '1512792744' ORDER BY rnd LIMIT 1

SELECT a.ad_id, a.position_id, a.media_type, a.ad_link, a.ad_code, a.ad_name, p.ad_width, p.ad_height, p.position_style, RAND() AS rnd FROM `ss`.`ecs_ad` AS a LEFT JOIN `ss`.`ecs_ad_position` AS p ON a.position_id = p.position_id WHERE enabled = 1 AND a.position_id = '14' AND start_time <= '1512792744' AND end_time >= '1512792744' ORDER BY rnd LIMIT 1

SELECT a.ad_id, a.position_id, a.media_type, a.ad_link, a.ad_code, a.ad_name, p.ad_width, p.ad_height, p.position_style, RAND() AS rnd FROM `ss`.`ecs_ad` AS a LEFT JOIN `ss`.`ecs_ad_position` AS p ON a.position_id = p.position_id WHERE enabled = 1 AND a.position_id = '15' AND start_time <= '1512792744' AND end_time >= '1512792744' ORDER BY rnd LIMIT 1

UPDATE `ss`.`ecs_sessions` SET expiry = '1512792744', ip = '0.0.0.0', userid = '0', adminid = '0', user_name='0', user_rank='0', discount='1', email='0', data = 'a:3:{s:7:\"from_ad\";i:0;s:7:\"referer\";s:6:\"本站\";s:10:\"login_fail\";i:0;}' WHERE sesskey = '6dbcdbe4f947c9ab26c677953e22f3c2' LIMIT 1

DELETE FROM `ss`.`ecs_sessions_data` WHERE expiry < 1512790944

DELETE FROM `ss`.`ecs_sessions` WHERE expiry < 1512790944

SELECT code, value FROM `ss`.`ecs_shop_config` WHERE parent_id > 0

SELECT userid, adminid, user_name, user_rank, discount, email, data, expiry FROM `ss`.`ecs_sessions` WHERE sesskey = '6dbcdbe4f947c9ab26c677953e22f3c2'

SELECT a.*, IFNULL(AVG(r.comment_rank), 0) AS comment_rank FROM `ss`.`ecs_article` AS a LEFT JOIN `ss`.`ecs_comment` AS r ON r.id_value = a.article_id AND comment_type = 1 WHERE a.is_open = 1 AND a.article_id = '21' GROUP BY a.article_id

SELECT parent_id FROM `ss`.`ecs_article_cat` WHERE cat_id = '21'

SELECT count(*) FROM `ss`.`ecs_article_cat` WHERE parent_id = ''

SELECT a.cat_id, a.cat_name, a.sort_order AS parent_order, a.cat_id, b.cat_id AS child_id, b.cat_name AS child_name, b.sort_order AS child_order FROM `ss`.`ecs_article_cat` AS a LEFT JOIN `ss`.`ecs_article_cat` AS b ON b.parent_id = a.cat_id WHERE a.parent_id = '' AND a.cat_type=1 ORDER BY parent_order ASC, a.cat_id ASC, child_order ASC

SELECT count(*) FROM `ss`.`ecs_category` WHERE parent_id = '0' AND is_show = 1 

SELECT cat_id,cat_name ,parent_id,is_show FROM `ss`.`ecs_category`WHERE parent_id = '0' AND is_show = 1 ORDER BY sort_order ASC, cat_id ASC

SELECT count(*) FROM `ss`.`ecs_category` WHERE parent_id = '26' AND is_show = 1 

SELECT cat_id, cat_name, parent_id, is_show FROM `ss`.`ecs_category`WHERE parent_id = '26' AND is_show = 1 ORDER BY sort_order ASC, cat_id ASC

SELECT count(*) FROM `ss`.`ecs_category` WHERE parent_id = '27' AND is_show = 1 

SELECT cat_id, cat_name, parent_id, is_show FROM `ss`.`ecs_category`WHERE parent_id = '27' AND is_show = 1 ORDER BY sort_order ASC, cat_id ASC

SELECT count(*) FROM `ss`.`ecs_category` WHERE parent_id = '28' AND is_show = 1 

SELECT count(*) FROM `ss`.`ecs_category` WHERE parent_id = '18' AND is_show = 1 

SELECT count(*) FROM `ss`.`ecs_category` WHERE parent_id = '1' AND is_show = 1 

SELECT cat_id, cat_name, parent_id, is_show FROM `ss`.`ecs_category`WHERE parent_id = '1' AND is_show = 1 ORDER BY sort_order ASC, cat_id ASC

SELECT count(*) FROM `ss`.`ecs_category` WHERE parent_id = '3' AND is_show = 1 

SELECT count(*) FROM `ss`.`ecs_category` WHERE parent_id = '4' AND is_show = 1 

SELECT count(*) FROM `ss`.`ecs_category` WHERE parent_id = '6' AND is_show = 1 

SELECT cat_id, cat_name, parent_id, is_show FROM `ss`.`ecs_category`WHERE parent_id = '6' AND is_show = 1 ORDER BY sort_order ASC, cat_id ASC

SELECT count(*) FROM `ss`.`ecs_category` WHERE parent_id = '8' AND is_show = 1 

SELECT count(*) FROM `ss`.`ecs_category` WHERE parent_id = '9' AND is_show = 1 

SELECT count(*) FROM `ss`.`ecs_category` WHERE parent_id = '12' AND is_show = 1 

SELECT count(*) FROM `ss`.`ecs_category` WHERE parent_id = '16' AND is_show = 1 

SELECT c.cat_id, c.cat_name, c.sort_order, a.article_id, a.title, a.file_url, a.open_type FROM `ss`.`ecs_article` AS a LEFT JOIN `ss`.`ecs_article_cat` AS c ON a.cat_id = c.cat_id WHERE c.cat_type = 5 AND a.is_open = 1 ORDER BY c.sort_order ASC, a.article_id

SELECT c.cat_id, c.cat_name, c.measure_unit, c.parent_id, c.is_show, c.show_in_nav, c.grade, c.sort_order, COUNT(s.cat_id) AS has_children FROM `ss`.`ecs_category` AS c LEFT JOIN `ss`.`ecs_category` AS s ON s.parent_id=c.cat_id GROUP BY c.cat_id ORDER BY c.parent_id, c.sort_order ASC

SELECT cat_id, COUNT(*) AS goods_num  FROM `ss`.`ecs_goods` WHERE is_delete = 0 AND is_on_sale = 1  GROUP BY cat_id

SELECT gc.cat_id, COUNT(*) AS goods_num  FROM `ss`.`ecs_goods_cat` AS gc , `ss`.`ecs_goods` AS g  WHERE g.goods_id = gc.goods_id AND g.is_delete = 0 AND g.is_on_sale = 1  GROUP BY gc.cat_id

SELECT goods_id FROM `ss`.`ecs_goods_cat` AS g WHERE g.cat_id  IN ('26','27','28','18','1','3','4','16','6','9','8','12') 

SELECT g.goods_id, g.goods_name, g.shop_price, g.goods_thumb, SUM(og.goods_number) as goods_number FROM `ss`.`ecs_goods` AS g, `ss`.`ecs_order_info` AS o, `ss`.`ecs_order_goods` AS og WHERE g.is_on_sale = 1 AND g.is_alone_sale = 1 AND g.is_delete = 0 AND (g.cat_id  IN ('26','27','28','18','1','3','4','16','6','9','8','12')  OR g.goods_id IN ('') )    AND g.goods_number > 0  AND og.order_id = o.order_id AND og.goods_id = g.goods_id AND (o.order_status = '1' OR o.order_status = '5') AND (o.pay_status = '2' OR o.pay_status = '1') AND (o.shipping_status = '1' OR o.shipping_status = '2') GROUP BY g.goods_id ORDER BY goods_number DESC, g.goods_id DESC LIMIT 10

SELECT g.goods_id, g.is_best, g.is_new, g.is_hot, g.is_promote, b.brand_name,g.sort_order  FROM `ss`.`ecs_goods` AS g  LEFT JOIN `ss`.`ecs_brand` AS b ON b.brand_id = g.brand_id  WHERE g.is_on_sale = 1 AND g.is_alone_sale = 1 AND g.is_delete = 0 AND (g.is_best = 1 OR g.is_new =1 OR g.is_hot = 1) ORDER BY g.sort_order, g.last_update DESC

SELECT library, number FROM `ss`.`ecs_template` WHERE theme = 'default' AND filename = 'article' AND remarks='' 

SELECT g.goods_id, g.goods_name, g.goods_name_style, g.market_price, g.shop_price AS org_price, g.promote_price, IFNULL(mp.user_price, g.shop_price * '1') AS shop_price, promote_start_date, promote_end_date, g.goods_brief, g.goods_thumb, g.goods_img, RAND() AS rnd FROM `ss`.`ecs_goods` AS g LEFT JOIN `ss`.`ecs_member_price` AS mp ON mp.goods_id = g.goods_id AND mp.user_rank = '0'  WHERE g.goods_id  IN ('1','8','9','69','68','70')  ORDER BY g.sort_order, g.last_update DESC

SELECT sum(goods_number) FROM `ss`.`ecs_order_goods` AS g ,`ss`.`ecs_order_info` AS o WHERE o.order_id = g.order_id and g.goods_id = 69 and o.order_status = 5

SELECT virtual_sales FROM `ss`.`ecs_goods` WHERE goods_id = '69'

SELECT sum(goods_number) FROM `ss`.`ecs_order_goods` AS g ,`ss`.`ecs_order_info` AS o WHERE o.order_id = g.order_id and g.goods_id = 68 and o.order_status = 5

SELECT virtual_sales FROM `ss`.`ecs_goods` WHERE goods_id = '68'

SELECT sum(goods_number) FROM `ss`.`ecs_order_goods` AS g ,`ss`.`ecs_order_info` AS o WHERE o.order_id = g.order_id and g.goods_id = 70 and o.order_status = 5

SELECT virtual_sales FROM `ss`.`ecs_goods` WHERE goods_id = '70'

SELECT sum(goods_number) FROM `ss`.`ecs_order_goods` AS g ,`ss`.`ecs_order_info` AS o WHERE o.order_id = g.order_id and g.goods_id = 1 and o.order_status = 5

SELECT virtual_sales FROM `ss`.`ecs_goods` WHERE goods_id = '1'

SELECT sum(goods_number) FROM `ss`.`ecs_order_goods` AS g ,`ss`.`ecs_order_info` AS o WHERE o.order_id = g.order_id and g.goods_id = 8 and o.order_status = 5

SELECT virtual_sales FROM `ss`.`ecs_goods` WHERE goods_id = '8'

SELECT sum(goods_number) FROM `ss`.`ecs_order_goods` AS g ,`ss`.`ecs_order_info` AS o WHERE o.order_id = g.order_id and g.goods_id = 9 and o.order_status = 5

SELECT virtual_sales FROM `ss`.`ecs_goods` WHERE goods_id = '9'

SELECT g.goods_id, g.goods_name, g.goods_name_style, g.market_price, g.shop_price AS org_price, g.promote_price, IFNULL(mp.user_price, g.shop_price * '1') AS shop_price, promote_start_date, promote_end_date, g.goods_brief, g.goods_thumb, goods_img, b.brand_name, g.is_best, g.is_new, g.is_hot, g.is_promote, RAND() AS rnd FROM `ss`.`ecs_goods` AS g LEFT JOIN `ss`.`ecs_brand` AS b ON b.brand_id = g.brand_id LEFT JOIN `ss`.`ecs_member_price` AS mp ON mp.goods_id = g.goods_id AND mp.user_rank = '0' WHERE g.is_on_sale = 1 AND g.is_alone_sale = 1 AND g.is_delete = 0  AND g.is_promote = 1 AND promote_start_date <= '1512792766' AND promote_end_date >= '1512792766'  ORDER BY g.sort_order, g.last_update DESC LIMIT 3 

SELECT g.goods_id, g.goods_name, g.goods_thumb, g.goods_img, g.shop_price AS org_price, IFNULL(mp.user_price, g.shop_price * '1') AS shop_price, g.market_price, g.promote_price, g.promote_start_date, g.promote_end_date FROM `ss`.`ecs_goods_article` ga LEFT JOIN `ss`.`ecs_goods` AS g ON g.goods_id = ga.goods_id LEFT JOIN `ss`.`ecs_member_price` AS mp ON mp.goods_id = g.goods_id AND mp.user_rank = '0' WHERE ga.article_id = '21' AND g.is_on_sale = 1 AND g.is_alone_sale = 1 AND g.is_delete = 0

SELECT act_id, act_name, act_type, start_time, end_time FROM `ss`.`ecs_goods_activity` WHERE is_finished=0 AND start_time <= '1512792766' AND end_time >= '1512792766'

SELECT act_id, act_range, act_range_ext, act_name, start_time, end_time FROM `ss`.`ecs_favourable_activity` WHERE start_time <= '1512792766' AND end_time >= '1512792766'

SELECT cat_id, cat_name, parent_id FROM `ss`.`ecs_article_cat`

SELECT * FROM `ss`.`ecs_nav`
            WHERE ifshow = '1' ORDER BY type, vieworder

SELECT cat_id, cat_name, parent_id FROM `ss`.`ecs_article_cat`

SELECT a.goods_id, g.goods_name FROM `ss`.`ecs_goods_article` AS a, `ss`.`ecs_goods` AS g WHERE a.goods_id = g.goods_id AND a.article_id = '21' 

SELECT article_id, title FROM `ss`.`ecs_article` WHERE article_id > 21 AND cat_id=8 AND is_open=1 LIMIT 1

SELECT max(article_id) FROM `ss`.`ecs_article` WHERE article_id < 21 AND cat_id=8 AND is_open=1

SELECT id, number, type FROM `ss`.`ecs_template` WHERE filename = 'article' AND type > 0 AND remarks ='' AND theme='default'

SELECT region, library, sort_order, id, number, type FROM `ss`.`ecs_template` WHERE theme = 'default' AND filename = 'article' AND type > 0 AND remarks='' ORDER BY region, library, sort_order

SELECT SUM(goods_number) AS number, SUM(goods_price * goods_number) AS amount FROM `ss`.`ecs_cart` WHERE session_id = '6dbcdbe4f947c9ab26c677953e22f3c2' AND rec_type = '0'

SELECT goods_id, goods_name, goods_thumb, shop_price FROM `ss`.`ecs_goods` WHERE goods_id IN ('64','69','68','63','70')  AND is_on_sale = 1 AND is_alone_sale = 1 AND is_delete = 0

SELECT COUNT(*) FROM `ss`.`ecs_comment` WHERE id_value = '21' AND comment_type = '1' AND status = 1 AND parent_id = 0

SELECT * FROM `ss`.`ecs_comment` WHERE id_value = '21' AND comment_type = '1' AND status = 1 AND parent_id = 0 ORDER BY comment_id DESC LIMIT 5

UPDATE `ss`.`ecs_sessions` SET expiry = '1512792766', ip = '0.0.0.0', userid = '0', adminid = '0', user_name='0', user_rank='0', discount='1', email='0', data = 'a:3:{s:7:\"from_ad\";i:0;s:7:\"referer\";s:6:\"本站\";s:10:\"login_fail\";i:0;}' WHERE sesskey = '6dbcdbe4f947c9ab26c677953e22f3c2' LIMIT 1

DELETE FROM `ss`.`ecs_sessions` WHERE expiry < 1512790966

SELECT code, value FROM `ss`.`ecs_shop_config` WHERE parent_id > 0

SELECT userid, adminid, user_name, user_rank, discount, email, data, expiry FROM `ss`.`ecs_sessions` WHERE sesskey = '6dbcdbe4f947c9ab26c677953e22f3c2'

UPDATE `ss`.`ecs_sessions` SET expiry = '1512792766', ip = '0.0.0.0', userid = '0', adminid = '0', user_name='0', user_rank='0', discount='1', email='0', data = 'a:4:{s:7:\"from_ad\";i:0;s:7:\"referer\";s:6:\"本站\";s:10:\"login_fail\";i:0;s:12:\"captcha_word\";s:16:\"MzA5MmM1ZGU1MQ==\";}' WHERE sesskey = '6dbcdbe4f947c9ab26c677953e22f3c2' LIMIT 1

DELETE FROM `ss`.`ecs_sessions` WHERE expiry < 1512790966

